Args in experiment:
Namespace(activation='gelu', batch_size=32, c_out=27, checkpoints='./checkpoints/', d_ff=2048, d_layers=1, d_model=512, data='custom', data_path='appliances_half.csv', dec_in=27, des='Exp', devices='0,1,2,3', distil=True, do_predict=False, dropout=0.05, e_layers=2, embed='timeF', embed_type=0, enc_in=27, factor=3, features='MS', freq='h', gpu=0, individual=False, is_training=1, itr=1, label_len=48, learning_rate=0.0001, loss='mse', lradj='type1', model='Autoformer', model_id='appliances_96_96', moving_avg=25, n_heads=8, num_workers=10, output_attention=False, patience=3, pred_len=96, root_path='./dataset/', seq_len=96, target='Appliances', test_flop=False, train_epochs=10, train_only=False, use_amp=False, use_gpu=True, use_multi_gpu=False)
Use GPU: cuda:0
>>>>>>>start training : appliances_96_96_Autoformer_custom_ftMS_sl96_ll48_pl96_dm512_nh8_el2_dl1_df2048_fc3_ebtimeF_dtTrue_Exp_0>>>>>>>>>>>>>>>>>>>>>>>>>>
train 5689
val 746
test 1585
	iters: 100, epoch: 1 | loss: 0.0357648
	speed: 0.0847s/iter; left time: 141.5835s
Epoch: 1 cost time: 14.489349365234375
Epoch: 1, Steps: 177 | Train Loss: 0.1008480 Vali Loss: 0.0355618 Test Loss: 0.0411594
Validation loss decreased (inf --> 0.035562).  Saving model ...
Updating learning rate to 0.0001
	iters: 100, epoch: 2 | loss: 0.0262689
	speed: 0.1894s/iter; left time: 282.9636s
Epoch: 2 cost time: 14.193243741989136
Epoch: 2, Steps: 177 | Train Loss: 0.0286425 Vali Loss: 0.0422800 Test Loss: 0.0417112
EarlyStopping counter: 1 out of 3
Updating learning rate to 5e-05
	iters: 100, epoch: 3 | loss: 0.0212933
	speed: 0.1916s/iter; left time: 252.2754s
Epoch: 3 cost time: 14.380805730819702
Epoch: 3, Steps: 177 | Train Loss: 0.0233236 Vali Loss: 0.0469406 Test Loss: 0.0543982
EarlyStopping counter: 2 out of 3
Updating learning rate to 2.5e-05
	iters: 100, epoch: 4 | loss: 0.0231575
	speed: 0.1933s/iter; left time: 220.3798s
Epoch: 4 cost time: 14.572361707687378
Epoch: 4, Steps: 177 | Train Loss: 0.0212240 Vali Loss: 0.0487055 Test Loss: 0.0568363
EarlyStopping counter: 3 out of 3
Early stopping
>>>>>>>testing : appliances_96_96_Autoformer_custom_ftMS_sl96_ll48_pl96_dm512_nh8_el2_dl1_df2048_fc3_ebtimeF_dtTrue_Exp_0<<<<<<<<<<<<<<<<<<<<<<<<<<<<<<<<<
test 1585
mse:0.041357025504112244, mae:0.14652913808822632
