Args in experiment:
Namespace(activation='gelu', batch_size=32, c_out=321, checkpoints='./checkpoints/', d_ff=2048, d_layers=1, d_model=512, data='custom', data_path='electricity_half.csv', dec_in=321, des='Exp', devices='0,1,2,3', distil=True, do_predict=False, dropout=0.05, e_layers=2, embed='timeF', embed_type=0, enc_in=321, factor=3, features='M', freq='h', gpu=0, individual=False, is_training=1, itr=1, label_len=48, learning_rate=0.0001, loss='mse', lradj='type1', model='Autoformer', model_id='electricity_96_96', moving_avg=25, n_heads=8, num_workers=10, output_attention=False, patience=3, pred_len=96, root_path='./dataset/', seq_len=96, target='OT', test_flop=False, train_epochs=10, train_only=False, use_amp=False, use_gpu=True, use_multi_gpu=False)
Use GPU: cuda:0
>>>>>>>start training : electricity_96_96_Autoformer_custom_ftM_sl96_ll48_pl96_dm512_nh8_el2_dl1_df2048_fc3_ebtimeF_dtTrue_Exp_0>>>>>>>>>>>>>>>>>>>>>>>>>>
train 9015
val 1221
test 2535
	iters: 100, epoch: 1 | loss: 0.2844920
	speed: 0.0900s/iter; left time: 243.9884s
	iters: 200, epoch: 1 | loss: 0.2466655
	speed: 0.0843s/iter; left time: 220.0500s
Epoch: 1 cost time: 24.47375988960266
Epoch: 1, Steps: 281 | Train Loss: 0.2974139 Vali Loss: 0.2021136 Test Loss: 0.2254723
Validation loss decreased (inf --> 0.202114).  Saving model ...
Updating learning rate to 0.0001
	iters: 100, epoch: 2 | loss: 0.2120785
	speed: 0.2373s/iter; left time: 576.7389s
	iters: 200, epoch: 2 | loss: 0.1916716
	speed: 0.0840s/iter; left time: 195.6536s
Epoch: 2 cost time: 23.93954610824585
Epoch: 2, Steps: 281 | Train Loss: 0.2012863 Vali Loss: 0.1840558 Test Loss: 0.2072949
Validation loss decreased (0.202114 --> 0.184056).  Saving model ...
Updating learning rate to 5e-05
	iters: 100, epoch: 3 | loss: 0.1677619
	speed: 0.2443s/iter; left time: 524.9892s
	iters: 200, epoch: 3 | loss: 0.1624327
	speed: 0.0819s/iter; left time: 167.8982s
Epoch: 3 cost time: 24.42724919319153
Epoch: 3, Steps: 281 | Train Loss: 0.1730010 Vali Loss: 0.2026333 Test Loss: 0.2119318
EarlyStopping counter: 1 out of 3
Updating learning rate to 2.5e-05
	iters: 100, epoch: 4 | loss: 0.1775839
	speed: 0.2418s/iter; left time: 451.7575s
	iters: 200, epoch: 4 | loss: 0.1539638
	speed: 0.0946s/iter; left time: 167.2329s
Epoch: 4 cost time: 26.363069772720337
Epoch: 4, Steps: 281 | Train Loss: 0.1602445 Vali Loss: 0.1779936 Test Loss: 0.2232724
Validation loss decreased (0.184056 --> 0.177994).  Saving model ...
Updating learning rate to 1.25e-05
	iters: 100, epoch: 5 | loss: 0.1636391
	speed: 0.2602s/iter; left time: 412.9092s
	iters: 200, epoch: 5 | loss: 0.1700511
	speed: 0.0911s/iter; left time: 135.4307s
Epoch: 5 cost time: 26.688737630844116
Epoch: 5, Steps: 281 | Train Loss: 0.1551848 Vali Loss: 0.1764873 Test Loss: 0.2233985
Validation loss decreased (0.177994 --> 0.176487).  Saving model ...
Updating learning rate to 6.25e-06
	iters: 100, epoch: 6 | loss: 0.1531861
	speed: 0.2521s/iter; left time: 329.2042s
	iters: 200, epoch: 6 | loss: 0.1683871
	speed: 0.0876s/iter; left time: 105.6507s
Epoch: 6 cost time: 24.806124210357666
Epoch: 6, Steps: 281 | Train Loss: 0.1527081 Vali Loss: 0.1744779 Test Loss: 0.2242125
Validation loss decreased (0.176487 --> 0.174478).  Saving model ...
Updating learning rate to 3.125e-06
	iters: 100, epoch: 7 | loss: 0.1397616
	speed: 0.2421s/iter; left time: 248.1713s
	iters: 200, epoch: 7 | loss: 0.1459797
	speed: 0.0894s/iter; left time: 82.7007s
Epoch: 7 cost time: 25.097195625305176
Epoch: 7, Steps: 281 | Train Loss: 0.1514761 Vali Loss: 0.1715531 Test Loss: 0.2176303
Validation loss decreased (0.174478 --> 0.171553).  Saving model ...
Updating learning rate to 1.5625e-06
	iters: 100, epoch: 8 | loss: 0.1514495
	speed: 0.2396s/iter; left time: 178.2521s
	iters: 200, epoch: 8 | loss: 0.1408120
	speed: 0.0854s/iter; left time: 54.9833s
Epoch: 8 cost time: 24.340806245803833
Epoch: 8, Steps: 281 | Train Loss: 0.1507278 Vali Loss: 0.1749760 Test Loss: 0.2220571
EarlyStopping counter: 1 out of 3
Updating learning rate to 7.8125e-07
	iters: 100, epoch: 9 | loss: 0.1477803
	speed: 0.2472s/iter; left time: 114.4678s
	iters: 200, epoch: 9 | loss: 0.1627044
	speed: 0.0925s/iter; left time: 33.5945s
Epoch: 9 cost time: 26.076664447784424
Epoch: 9, Steps: 281 | Train Loss: 0.1503960 Vali Loss: 0.1741276 Test Loss: 0.2186061
EarlyStopping counter: 2 out of 3
Updating learning rate to 3.90625e-07
	iters: 100, epoch: 10 | loss: 0.1500242
	speed: 0.2371s/iter; left time: 43.1465s
	iters: 200, epoch: 10 | loss: 0.1552033
	speed: 0.0839s/iter; left time: 6.8796s
Epoch: 10 cost time: 23.67865562438965
Epoch: 10, Steps: 281 | Train Loss: 0.1501709 Vali Loss: 0.1725065 Test Loss: 0.2197123
EarlyStopping counter: 3 out of 3
Early stopping
>>>>>>>testing : electricity_96_96_Autoformer_custom_ftM_sl96_ll48_pl96_dm512_nh8_el2_dl1_df2048_fc3_ebtimeF_dtTrue_Exp_0<<<<<<<<<<<<<<<<<<<<<<<<<<<<<<<<<
test 2535
mse:0.21621151268482208, mae:0.3377392292022705
