Args in experiment:
Namespace(activation='gelu', batch_size=32, c_out=27, checkpoints='./checkpoints/', d_ff=2048, d_layers=1, d_model=512, data='custom', data_path='appliances_half.csv', dec_in=27, des='Exp', devices='0,1,2,3', distil=True, do_predict=False, dropout=0.05, e_layers=2, embed='timeF', embed_type=0, enc_in=27, factor=3, features='MS', freq='h', gpu=0, individual=False, is_training=1, itr=1, label_len=48, learning_rate=0.0001, loss='mse', lradj='type1', model='Informer', model_id='appliances_96_96', moving_avg=25, n_heads=8, num_workers=10, output_attention=False, patience=3, pred_len=96, root_path='./dataset/', seq_len=96, target='Appliances', test_flop=False, train_epochs=10, train_only=False, use_amp=False, use_gpu=True, use_multi_gpu=False)
Use GPU: cuda:0
>>>>>>>start training : appliances_96_96_Informer_custom_ftMS_sl96_ll48_pl96_dm512_nh8_el2_dl1_df2048_fc3_ebtimeF_dtTrue_Exp_0>>>>>>>>>>>>>>>>>>>>>>>>>>
train 5689
val 746
test 1585
	iters: 100, epoch: 1 | loss: 0.4390298
	speed: 0.0695s/iter; left time: 116.1844s
Epoch: 1 cost time: 11.8705472946167
Epoch: 1, Steps: 177 | Train Loss: 0.5130571 Vali Loss: 0.4163004 Test Loss: 0.5030411
Validation loss decreased (inf --> 0.416300).  Saving model ...
Updating learning rate to 0.0001
	iters: 100, epoch: 2 | loss: 0.2339559
	speed: 0.1483s/iter; left time: 221.4893s
Epoch: 2 cost time: 11.257024765014648
Epoch: 2, Steps: 177 | Train Loss: 0.2209232 Vali Loss: 0.4724653 Test Loss: 0.5486414
EarlyStopping counter: 1 out of 3
Updating learning rate to 5e-05
	iters: 100, epoch: 3 | loss: 0.1073388
	speed: 0.1418s/iter; left time: 186.6911s
Epoch: 3 cost time: 11.123287200927734
Epoch: 3, Steps: 177 | Train Loss: 0.1129345 Vali Loss: 0.4798518 Test Loss: 0.5549181
EarlyStopping counter: 2 out of 3
Updating learning rate to 2.5e-05
	iters: 100, epoch: 4 | loss: 0.0899096
	speed: 0.1425s/iter; left time: 162.3978s
Epoch: 4 cost time: 11.469809532165527
Epoch: 4, Steps: 177 | Train Loss: 0.0855013 Vali Loss: 0.5020002 Test Loss: 0.6083219
EarlyStopping counter: 3 out of 3
Early stopping
>>>>>>>testing : appliances_96_96_Informer_custom_ftMS_sl96_ll48_pl96_dm512_nh8_el2_dl1_df2048_fc3_ebtimeF_dtTrue_Exp_0<<<<<<<<<<<<<<<<<<<<<<<<<<<<<<<<<
test 1585
mse:0.5030326247215271, mae:0.4929640293121338
